Build started 29-07-2019 18:48:43.
     1>Project "C:\Users\admin\Documents\Visual Studio 2010\Projects\MySplashScreen\MySplashScreen\MySplashScreen.vcxproj" on node 2 (build target(s)).
     1>InitializeBuildStatus:
         Creating "Debug\MySplashScreen.unsuccessfulbuild" because "AlwaysCreate" was specified.
       ClCompile:
         c:\Program Files (x86)\Microsoft Visual Studio 10.0\VC\bin\CL.exe /c /ZI /nologo /W3 /WX- /Od /Oy- /D WIN32 /D _DEBUG /D _WINDOWS /D _UNICODE /D UNICODE /Gm /EHsc /RTC1 /MDd /GS /fp:precise /Zc:wchar_t /Zc:forScope /Fo"Debug\\" /Fd"Debug\vc100.pdb" /Gd /TP /analyze- /errorReport:prompt MySplashScreen.cpp
         MySplashScreen.cpp
       ResourceCompile:
         All outputs are up-to-date.
       Link:
         c:\Program Files (x86)\Microsoft Visual Studio 10.0\VC\bin\link.exe /ERRORREPORT:PROMPT /OUT:"C:\Users\admin\Documents\Visual Studio 2010\Projects\MySplashScreen\Debug\MySplashScreen.exe" /INCREMENTAL:NO /NOLOGO kernel32.lib user32.lib gdi32.lib winspool.lib comdlg32.lib advapi32.lib shell32.lib ole32.lib oleaut32.lib uuid.lib odbc32.lib odbccp32.lib /MANIFEST /ManifestFile:"Debug\MySplashScreen.exe.intermediate.manifest" /MANIFESTUAC:"level='asInvoker' uiAccess='false'" /DEBUG /PDB:"C:\Users\admin\Documents\Visual Studio 2010\Projects\MySplashScreen\Debug\MySplashScreen.pdb" /TLBID:1 /DYNAMICBASE /NXCOMPAT /IMPLIB:"C:\Users\admin\Documents\Visual Studio 2010\Projects\MySplashScreen\Debug\MySplashScreen.lib" /MACHINE:X86 Debug\MySplashScreen.res
         Debug\MySplashScreen.obj
     1>MySplashScreen.obj : warning LNK4075: ignoring '/EDITANDCONTINUE' due to '/INCREMENTAL:NO' specification
         MySplashScreen.vcxproj -> C:\Users\admin\Documents\Visual Studio 2010\Projects\MySplashScreen\Debug\MySplashScreen.exe
       Manifest:
         c:\Program Files (x86)\Microsoft SDKs\Windows\v7.0A\bin\mt.exe /nologo /verbose /outputresource:"C:\Users\admin\Documents\Visual Studio 2010\Projects\MySplashScreen\Debug\MySplashScreen.exe;#1" /manifest Debug\MySplashScreen.exe.intermediate.manifest
       FinalizeBuildStatus:
         Deleting file "Debug\MySplashScreen.unsuccessfulbuild".
         Touching "Debug\MySplashScreen.lastbuildstate".
     1>Done Building Project "C:\Users\admin\Documents\Visual Studio 2010\Projects\MySplashScreen\MySplashScreen\MySplashScreen.vcxproj" (build target(s)).

Build succeeded.

Time Elapsed 00:00:03.40
