c:\Users\admin\documents\visual studio 2010\Projects\ColorScreen\ColorScreen\Debug\cl.command.1.tlog
c:\Users\admin\documents\visual studio 2010\Projects\ColorScreen\ColorScreen\Debug\CL.read.1.tlog
c:\Users\admin\documents\visual studio 2010\Projects\ColorScreen\ColorScreen\Debug\CL.write.1.tlog
c:\Users\admin\documents\visual studio 2010\Projects\ColorScreen\ColorScreen\Debug\ColorScreen.exe.embed.manifest
C:\USERS\ADMIN\DOCUMENTS\VISUAL STUDIO 2010\PROJECTS\COLORSCREEN\COLORSCREEN\DEBUG\COLORSCREEN.EXE.EMBED.MANIFEST.RES
C:\USERS\ADMIN\DOCUMENTS\VISUAL STUDIO 2010\PROJECTS\COLORSCREEN\COLORSCREEN\DEBUG\COLORSCREEN.EXE.INTERMEDIATE.MANIFEST
C:\USERS\ADMIN\DOCUMENTS\VISUAL STUDIO 2010\PROJECTS\COLORSCREEN\COLORSCREEN\DEBUG\COLORSCREEN.OBJ
c:\Users\admin\documents\visual studio 2010\Projects\ColorScreen\ColorScreen\Debug\ColorScreen.vcxprojResolveAssemblyReference.cache
c:\Users\admin\documents\visual studio 2010\Projects\ColorScreen\ColorScreen\Debug\ColorScreen.write.1.tlog
c:\Users\admin\documents\visual studio 2010\Projects\ColorScreen\ColorScreen\Debug\ColorScreen_manifest.rc
c:\Users\admin\documents\visual studio 2010\Projects\ColorScreen\ColorScreen\Debug\link.command.1.tlog
c:\Users\admin\documents\visual studio 2010\Projects\ColorScreen\ColorScreen\Debug\link.read.1.tlog
c:\Users\admin\documents\visual studio 2010\Projects\ColorScreen\ColorScreen\Debug\link.write.1.tlog
c:\Users\admin\documents\visual studio 2010\Projects\ColorScreen\ColorScreen\Debug\mt.command.1.tlog
c:\Users\admin\documents\visual studio 2010\Projects\ColorScreen\ColorScreen\Debug\mt.read.1.tlog
c:\Users\admin\documents\visual studio 2010\Projects\ColorScreen\ColorScreen\Debug\mt.write.1.tlog
c:\Users\admin\documents\visual studio 2010\Projects\ColorScreen\ColorScreen\Debug\rc.command.1.tlog
c:\Users\admin\documents\visual studio 2010\Projects\ColorScreen\ColorScreen\Debug\rc.read.1.tlog
c:\Users\admin\documents\visual studio 2010\Projects\ColorScreen\ColorScreen\Debug\rc.write.1.tlog
c:\Users\admin\documents\visual studio 2010\Projects\ColorScreen\ColorScreen\Debug\vc100.idb
C:\USERS\ADMIN\DOCUMENTS\VISUAL STUDIO 2010\PROJECTS\COLORSCREEN\COLORSCREEN\DEBUG\VC100.PDB
C:\USERS\ADMIN\DOCUMENTS\VISUAL STUDIO 2010\PROJECTS\COLORSCREEN\DEBUG\COLORSCREEN.EXE
C:\USERS\ADMIN\DOCUMENTS\VISUAL STUDIO 2010\PROJECTS\COLORSCREEN\DEBUG\COLORSCREEN.PDB
