C:\USERS\ADMIN\DOCUMENTS\VISUAL STUDIO 2010\PROJECTS\PLEDGE\DEBUG\PLEDGE.EXE
C:\Users\admin\documents\visual studio 2010\Projects\Pledge\Debug\Pledge.pdb
C:\Users\admin\documents\visual studio 2010\Projects\Pledge\Pledge\Debug\cl.command.1.tlog
C:\Users\admin\documents\visual studio 2010\Projects\Pledge\Pledge\Debug\CL.read.1.tlog
C:\Users\admin\documents\visual studio 2010\Projects\Pledge\Pledge\Debug\CL.write.1.tlog
C:\Users\admin\documents\visual studio 2010\Projects\Pledge\Pledge\Debug\link.command.1.tlog
C:\Users\admin\documents\visual studio 2010\Projects\Pledge\Pledge\Debug\link.read.1.tlog
C:\Users\admin\documents\visual studio 2010\Projects\Pledge\Pledge\Debug\link.write.1.tlog
C:\Users\admin\documents\visual studio 2010\Projects\Pledge\Pledge\Debug\mt.command.1.tlog
C:\Users\admin\documents\visual studio 2010\Projects\Pledge\Pledge\Debug\mt.read.1.tlog
C:\Users\admin\documents\visual studio 2010\Projects\Pledge\Pledge\Debug\mt.write.1.tlog
C:\Users\admin\documents\visual studio 2010\Projects\Pledge\Pledge\Debug\Pledge.exe.embed.manifest
C:\USERS\ADMIN\DOCUMENTS\VISUAL STUDIO 2010\PROJECTS\PLEDGE\PLEDGE\DEBUG\PLEDGE.EXE.EMBED.MANIFEST.RES
C:\Users\admin\documents\visual studio 2010\Projects\Pledge\Pledge\Debug\Pledge.exe.intermediate.manifest
C:\USERS\ADMIN\DOCUMENTS\VISUAL STUDIO 2010\PROJECTS\PLEDGE\PLEDGE\DEBUG\PLEDGE.OBJ
C:\Users\admin\documents\visual studio 2010\Projects\Pledge\Pledge\Debug\Pledge.vcxprojResolveAssemblyReference.cache
C:\Users\admin\documents\visual studio 2010\Projects\Pledge\Pledge\Debug\Pledge.write.1.tlog
C:\Users\admin\documents\visual studio 2010\Projects\Pledge\Pledge\Debug\Pledge_manifest.rc
C:\Users\admin\documents\visual studio 2010\Projects\Pledge\Pledge\Debug\rc.command.1.tlog
C:\Users\admin\documents\visual studio 2010\Projects\Pledge\Pledge\Debug\rc.read.1.tlog
C:\Users\admin\documents\visual studio 2010\Projects\Pledge\Pledge\Debug\rc.write.1.tlog
C:\Users\admin\documents\visual studio 2010\Projects\Pledge\Pledge\Debug\vc100.idb
C:\USERS\ADMIN\DOCUMENTS\VISUAL STUDIO 2010\PROJECTS\PLEDGE\PLEDGE\DEBUG\VC100.PDB
