Build started 8/4/2019 12:37:08 PM.
     1>Project "C:\Users\admin\documents\visual studio 2010\Projects\Pledge\Pledge\Pledge.vcxproj" on node 2 (build target(s)).
     1>InitializeBuildStatus:
         Creating "Debug\Pledge.unsuccessfulbuild" because "AlwaysCreate" was specified.
       ClCompile:
         c:\Program Files (x86)\Microsoft Visual Studio 10.0\VC\bin\CL.exe /c /ZI /nologo /W3 /WX- /Od /Oy- /D WIN32 /D _DEBUG /D _WINDOWS /D _UNICODE /D UNICODE /Gm /EHsc /RTC1 /MDd /GS /fp:precise /Zc:wchar_t /Zc:forScope /Fo"Debug\\" /Fd"Debug\vc100.pdb" /Gd /TP /analyze- /errorReport:prompt Pledge.cpp
         Pledge.cpp
     1>c:\users\admin\documents\visual studio 2010\projects\pledge\pledge\pledge.cpp(73): warning C4101: 'rc' : unreferenced local variable
       Link:
         c:\Program Files (x86)\Microsoft Visual Studio 10.0\VC\bin\link.exe /ERRORREPORT:PROMPT /OUT:"C:\Users\admin\documents\visual studio 2010\Projects\Pledge\Debug\Pledge.exe" /INCREMENTAL:NO /NOLOGO kernel32.lib user32.lib gdi32.lib winspool.lib comdlg32.lib advapi32.lib shell32.lib ole32.lib oleaut32.lib uuid.lib odbc32.lib odbccp32.lib /MANIFEST /ManifestFile:"Debug\Pledge.exe.intermediate.manifest" /MANIFESTUAC:"level='asInvoker' uiAccess='false'" /DEBUG /PDB:"C:\Users\admin\documents\visual studio 2010\Projects\Pledge\Debug\Pledge.pdb" /SUBSYSTEM:WINDOWS /TLBID:1 /DYNAMICBASE /NXCOMPAT /IMPLIB:"C:\Users\admin\documents\visual studio 2010\Projects\Pledge\Debug\Pledge.lib" /MACHINE:X86 Debug\Pledge.obj
     1>Pledge.obj : warning LNK4075: ignoring '/EDITANDCONTINUE' due to '/INCREMENTAL:NO' specification
         Pledge.vcxproj -> C:\Users\admin\documents\visual studio 2010\Projects\Pledge\Debug\Pledge.exe
       Manifest:
         c:\Program Files (x86)\Microsoft SDKs\Windows\v7.0A\bin\mt.exe /nologo /verbose /outputresource:"C:\Users\admin\documents\visual studio 2010\Projects\Pledge\Debug\Pledge.exe;#1" /manifest Debug\Pledge.exe.intermediate.manifest
       FinalizeBuildStatus:
         Deleting file "Debug\Pledge.unsuccessfulbuild".
         Touching "Debug\Pledge.lastbuildstate".
     1>Done Building Project "C:\Users\admin\documents\visual studio 2010\Projects\Pledge\Pledge\Pledge.vcxproj" (build target(s)).

Build succeeded.

Time Elapsed 00:00:00.79
